2012/12/04 15:28:21 [error] [exception.CDbException] exception 'CDbException' with message 'CDbConnection.connectionString cannot be empty.' in /var/www/yiiroot/framework/db/CDbConnection.php:370
Stack trace:
#0 /var/www/yiiroot/framework/db/CDbConnection.php(331): CDbConnection->open()
#1 /var/www/yiiroot/framework/db/CDbConnection.php(309): CDbConnection->setActive(true)
#2 /var/www/yiiroot/framework/base/CModule.php(388): CDbConnection->init()
#3 /var/www/yiiroot/framework/base/CModule.php(104): CModule->getComponent('db')
#4 /var/www/yiiroot/framework/gii/generators/model/ModelCode.php(57): CModule->__get('db')
#5 /var/www/yiiroot/framework/web/CFormModel.php(40): ModelCode->init()
#6 /var/www/yiiroot/framework/gii/CCodeGenerator.php(154): CFormModel->__construct()
#7 /var/www/yiiroot/framework/gii/CCodeGenerator.php(64): CCodeGenerator->prepare()
#8 /var/www/yiiroot/framework/web/actions/CInlineAction.php(50): CCodeGenerator->actionIndex()
#9 /var/www/yiiroot/framework/web/CController.php(309): CInlineAction->runWithParams(Array)
#10 /var/www/yiiroot/framework/web/CController.php(287): CController->runAction(Object(CInlineAction))
#11 /var/www/yiiroot/framework/web/CController.php(266): CController->runActionWithFilters(Object(CInlineAction), Array)
#12 /var/www/yiiroot/framework/web/CWebApplication.php(283): CController->run('')
#13 /var/www/yiiroot/framework/web/CWebApplication.php(142): CWebApplication->runController('gii/model')
#14 /var/www/yiiroot/framework/base/CApplication.php(162): CWebApplication->processRequest()
#15 /data/dev/todos/php/index.php(13): CApplication->run()
#16 {main}
REQUEST_URI=/dev/todos/php/index.php?r=gii/model
HTTP_REFERER=http://localhost/dev/todos/php/index.php?r=gii/default/index
---
2012/12/04 15:30:02 [error] [exception.CDbException] exception 'CDbException' with message 'CDbConnection.connectionString cannot be empty.' in /var/www/yiiroot/framework/db/CDbConnection.php:370
Stack trace:
#0 /var/www/yiiroot/framework/db/CDbConnection.php(331): CDbConnection->open()
#1 /var/www/yiiroot/framework/db/CDbConnection.php(309): CDbConnection->setActive(true)
#2 /var/www/yiiroot/framework/base/CModule.php(388): CDbConnection->init()
#3 /var/www/yiiroot/framework/base/CModule.php(104): CModule->getComponent('db')
#4 /var/www/yiiroot/framework/gii/generators/model/ModelCode.php(57): CModule->__get('db')
#5 /var/www/yiiroot/framework/web/CFormModel.php(40): ModelCode->init()
#6 /var/www/yiiroot/framework/gii/CCodeGenerator.php(154): CFormModel->__construct()
#7 /var/www/yiiroot/framework/gii/CCodeGenerator.php(64): CCodeGenerator->prepare()
#8 /var/www/yiiroot/framework/web/actions/CInlineAction.php(50): CCodeGenerator->actionIndex()
#9 /var/www/yiiroot/framework/web/CController.php(309): CInlineAction->runWithParams(Array)
#10 /var/www/yiiroot/framework/web/CController.php(287): CController->runAction(Object(CInlineAction))
#11 /var/www/yiiroot/framework/web/CController.php(266): CController->runActionWithFilters(Object(CInlineAction), Array)
#12 /var/www/yiiroot/framework/web/CWebApplication.php(283): CController->run('')
#13 /var/www/yiiroot/framework/web/CWebApplication.php(142): CWebApplication->runController('gii/model')
#14 /var/www/yiiroot/framework/base/CApplication.php(162): CWebApplication->processRequest()
#15 /data/dev/todos/php/index.php(13): CApplication->run()
#16 {main}
REQUEST_URI=/dev/todos/php/index.php?r=gii/model
---
2012/12/04 15:30:06 [error] [exception.CDbException] exception 'CDbException' with message 'CDbConnection.connectionString cannot be empty.' in /var/www/yiiroot/framework/db/CDbConnection.php:370
Stack trace:
#0 /var/www/yiiroot/framework/db/CDbConnection.php(331): CDbConnection->open()
#1 /var/www/yiiroot/framework/db/CDbConnection.php(309): CDbConnection->setActive(true)
#2 /var/www/yiiroot/framework/base/CModule.php(388): CDbConnection->init()
#3 /var/www/yiiroot/framework/base/CModule.php(104): CModule->getComponent('db')
#4 /var/www/yiiroot/framework/gii/generators/model/ModelCode.php(57): CModule->__get('db')
#5 /var/www/yiiroot/framework/web/CFormModel.php(40): ModelCode->init()
#6 /var/www/yiiroot/framework/gii/CCodeGenerator.php(154): CFormModel->__construct()
#7 /var/www/yiiroot/framework/gii/CCodeGenerator.php(64): CCodeGenerator->prepare()
#8 /var/www/yiiroot/framework/web/actions/CInlineAction.php(50): CCodeGenerator->actionIndex()
#9 /var/www/yiiroot/framework/web/CController.php(309): CInlineAction->runWithParams(Array)
#10 /var/www/yiiroot/framework/web/CController.php(287): CController->runAction(Object(CInlineAction))
#11 /var/www/yiiroot/framework/web/CController.php(266): CController->runActionWithFilters(Object(CInlineAction), Array)
#12 /var/www/yiiroot/framework/web/CWebApplication.php(283): CController->run('')
#13 /var/www/yiiroot/framework/web/CWebApplication.php(142): CWebApplication->runController('gii/model')
#14 /var/www/yiiroot/framework/base/CApplication.php(162): CWebApplication->processRequest()
#15 /data/dev/todos/php/index.php(13): CApplication->run()
#16 {main}
REQUEST_URI=/dev/todos/php/index.php?r=gii/model
HTTP_REFERER=http://localhost/dev/todos/php/index.php?r=gii/default/index
---
2012/12/04 15:30:25 [error] [exception.CDbException] exception 'CDbException' with message 'CDbConnection.connectionString cannot be empty.' in /var/www/yiiroot/framework/db/CDbConnection.php:370
Stack trace:
#0 /var/www/yiiroot/framework/db/CDbConnection.php(331): CDbConnection->open()
#1 /var/www/yiiroot/framework/db/CDbConnection.php(309): CDbConnection->setActive(true)
#2 /var/www/yiiroot/framework/base/CModule.php(388): CDbConnection->init()
#3 /var/www/yiiroot/framework/base/CModule.php(104): CModule->getComponent('db')
#4 /var/www/yiiroot/framework/gii/generators/model/ModelCode.php(57): CModule->__get('db')
#5 /var/www/yiiroot/framework/web/CFormModel.php(40): ModelCode->init()
#6 /var/www/yiiroot/framework/gii/CCodeGenerator.php(154): CFormModel->__construct()
#7 /var/www/yiiroot/framework/gii/CCodeGenerator.php(64): CCodeGenerator->prepare()
#8 /var/www/yiiroot/framework/web/actions/CInlineAction.php(50): CCodeGenerator->actionIndex()
#9 /var/www/yiiroot/framework/web/CController.php(309): CInlineAction->runWithParams(Array)
#10 /var/www/yiiroot/framework/web/CController.php(287): CController->runAction(Object(CInlineAction))
#11 /var/www/yiiroot/framework/web/CController.php(266): CController->runActionWithFilters(Object(CInlineAction), Array)
#12 /var/www/yiiroot/framework/web/CWebApplication.php(283): CController->run('')
#13 /var/www/yiiroot/framework/web/CWebApplication.php(142): CWebApplication->runController('gii/model')
#14 /var/www/yiiroot/framework/base/CApplication.php(162): CWebApplication->processRequest()
#15 /data/dev/todos/php/index.php(13): CApplication->run()
#16 {main}
REQUEST_URI=/dev/todos/php/index.php?r=gii/model
HTTP_REFERER=http://localhost/dev/todos/php/index.php?r=gii/default/index
---
2012/12/04 15:39:44 [error] [exception.CDbException] exception 'CDbException' with message 'CDbConnection failed to open the DB connection: could not find driver' in /var/www/yiiroot/framework/db/CDbConnection.php:382
Stack trace:
#0 /var/www/yiiroot/framework/db/CDbConnection.php(331): CDbConnection->open()
#1 /var/www/yiiroot/framework/db/CDbConnection.php(309): CDbConnection->setActive(true)
#2 /var/www/yiiroot/framework/base/CModule.php(388): CDbConnection->init()
#3 /var/www/yiiroot/framework/base/CModule.php(104): CModule->getComponent('db')
#4 /var/www/yiiroot/framework/gii/generators/model/ModelCode.php(57): CModule->__get('db')
#5 /var/www/yiiroot/framework/web/CFormModel.php(40): ModelCode->init()
#6 /var/www/yiiroot/framework/gii/CCodeGenerator.php(154): CFormModel->__construct()
#7 /var/www/yiiroot/framework/gii/CCodeGenerator.php(64): CCodeGenerator->prepare()
#8 /var/www/yiiroot/framework/web/actions/CInlineAction.php(50): CCodeGenerator->actionIndex()
#9 /var/www/yiiroot/framework/web/CController.php(309): CInlineAction->runWithParams(Array)
#10 /var/www/yiiroot/framework/web/CController.php(287): CController->runAction(Object(CInlineAction))
#11 /var/www/yiiroot/framework/web/CController.php(266): CController->runActionWithFilters(Object(CInlineAction), Array)
#12 /var/www/yiiroot/framework/web/CWebApplication.php(283): CController->run('')
#13 /var/www/yiiroot/framework/web/CWebApplication.php(142): CWebApplication->runController('gii/model')
#14 /var/www/yiiroot/framework/base/CApplication.php(162): CWebApplication->processRequest()
#15 /data/dev/todos/php/index.php(13): CApplication->run()
#16 {main}
REQUEST_URI=/dev/todos/php/index.php?r=gii/model
---
2012/12/04 15:39:54 [error] [exception.CDbException] exception 'CDbException' with message 'CDbConnection.connectionString cannot be empty.' in /var/www/yiiroot/framework/db/CDbConnection.php:370
Stack trace:
#0 /var/www/yiiroot/framework/db/CDbConnection.php(331): CDbConnection->open()
#1 /var/www/yiiroot/framework/db/CDbConnection.php(309): CDbConnection->setActive(true)
#2 /var/www/yiiroot/framework/base/CModule.php(388): CDbConnection->init()
#3 /var/www/yiiroot/framework/base/CModule.php(104): CModule->getComponent('db')
#4 /var/www/yiiroot/framework/gii/generators/model/ModelCode.php(57): CModule->__get('db')
#5 /var/www/yiiroot/framework/web/CFormModel.php(40): ModelCode->init()
#6 /var/www/yiiroot/framework/gii/CCodeGenerator.php(154): CFormModel->__construct()
#7 /var/www/yiiroot/framework/gii/CCodeGenerator.php(64): CCodeGenerator->prepare()
#8 /var/www/yiiroot/framework/web/actions/CInlineAction.php(50): CCodeGenerator->actionIndex()
#9 /var/www/yiiroot/framework/web/CController.php(309): CInlineAction->runWithParams(Array)
#10 /var/www/yiiroot/framework/web/CController.php(287): CController->runAction(Object(CInlineAction))
#11 /var/www/yiiroot/framework/web/CController.php(266): CController->runActionWithFilters(Object(CInlineAction), Array)
#12 /var/www/yiiroot/framework/web/CWebApplication.php(283): CController->run('')
#13 /var/www/yiiroot/framework/web/CWebApplication.php(142): CWebApplication->runController('gii/model')
#14 /var/www/yiiroot/framework/base/CApplication.php(162): CWebApplication->processRequest()
#15 /data/dev/todos/php/index.php(13): CApplication->run()
#16 {main}
REQUEST_URI=/dev/todos/php/index.php?r=gii/model
---
2012/12/04 15:40:02 [error] [php] include(EMongoDB.php): failed to open stream: No such file or directory (/var/www/yiiroot/framework/YiiBase.php:423)
Stack trace:
#0 /var/www/yiiroot/framework/YiiBase.php(198): import()
#1 /var/www/yiiroot/framework/base/CModule.php(387): createComponent()
#2 /var/www/yiiroot/framework/base/CModule.php(104): CWebApplication->getComponent()
#3 /var/www/yiiroot/framework/gii/generators/model/ModelCode.php(57): CWebApplication->__get()
#4 /var/www/yiiroot/framework/web/CFormModel.php(40): ModelCode->init()
#5 /var/www/yiiroot/framework/gii/CCodeGenerator.php(154): ModelCode->__construct()
#6 /var/www/yiiroot/framework/gii/CCodeGenerator.php(64): ModelGenerator->prepare()
#7 /var/www/yiiroot/framework/web/actions/CInlineAction.php(50): ModelGenerator->actionIndex()
#8 /var/www/yiiroot/framework/web/CController.php(309): CInlineAction->runWithParams()
#9 /var/www/yiiroot/framework/web/CController.php(287): ModelGenerator->runAction()
#10 /var/www/yiiroot/framework/web/CController.php(266): ModelGenerator->runActionWithFilters()
#11 /var/www/yiiroot/framework/web/CWebApplication.php(283): ModelGenerator->run()
#12 /var/www/yiiroot/framework/web/CWebApplication.php(142): CWebApplication->runController()
#13 /var/www/yiiroot/framework/base/CApplication.php(162): CWebApplication->processRequest()
#14 /data/dev/todos/php/index.php(13): CWebApplication->run()
REQUEST_URI=/dev/todos/php/index.php?r=gii/model
in /data/dev/todos/php/index.php (13)
2012/12/04 15:40:21 [error] [php] include(EMongoDB.php): failed to open stream: No such file or directory (/var/www/yiiroot/framework/YiiBase.php:423)
Stack trace:
#0 /var/www/yiiroot/framework/YiiBase.php(198): import()
#1 /var/www/yiiroot/framework/base/CModule.php(387): createComponent()
#2 /var/www/yiiroot/framework/base/CModule.php(104): CWebApplication->getComponent()
#3 /var/www/yiiroot/framework/gii/generators/model/ModelCode.php(57): CWebApplication->__get()
#4 /var/www/yiiroot/framework/web/CFormModel.php(40): ModelCode->init()
#5 /var/www/yiiroot/framework/gii/CCodeGenerator.php(154): ModelCode->__construct()
#6 /var/www/yiiroot/framework/gii/CCodeGenerator.php(64): ModelGenerator->prepare()
#7 /var/www/yiiroot/framework/web/actions/CInlineAction.php(50): ModelGenerator->actionIndex()
#8 /var/www/yiiroot/framework/web/CController.php(309): CInlineAction->runWithParams()
#9 /var/www/yiiroot/framework/web/CController.php(287): ModelGenerator->runAction()
#10 /var/www/yiiroot/framework/web/CController.php(266): ModelGenerator->runActionWithFilters()
#11 /var/www/yiiroot/framework/web/CWebApplication.php(283): ModelGenerator->run()
#12 /var/www/yiiroot/framework/web/CWebApplication.php(142): CWebApplication->runController()
#13 /var/www/yiiroot/framework/base/CApplication.php(162): CWebApplication->processRequest()
#14 /data/dev/todos/php/index.php(13): CWebApplication->run()
REQUEST_URI=/dev/todos/php/index.php?r=gii/model
in /data/dev/todos/php/index.php (13)
2012/12/04 15:40:22 [error] [php] include(EMongoDB.php): failed to open stream: No such file or directory (/var/www/yiiroot/framework/YiiBase.php:423)
Stack trace:
#0 /var/www/yiiroot/framework/YiiBase.php(198): import()
#1 /var/www/yiiroot/framework/base/CModule.php(387): createComponent()
#2 /var/www/yiiroot/framework/base/CModule.php(104): CWebApplication->getComponent()
#3 /var/www/yiiroot/framework/gii/generators/model/ModelCode.php(57): CWebApplication->__get()
#4 /var/www/yiiroot/framework/web/CFormModel.php(40): ModelCode->init()
#5 /var/www/yiiroot/framework/gii/CCodeGenerator.php(154): ModelCode->__construct()
#6 /var/www/yiiroot/framework/gii/CCodeGenerator.php(64): ModelGenerator->prepare()
#7 /var/www/yiiroot/framework/web/actions/CInlineAction.php(50): ModelGenerator->actionIndex()
#8 /var/www/yiiroot/framework/web/CController.php(309): CInlineAction->runWithParams()
#9 /var/www/yiiroot/framework/web/CController.php(287): ModelGenerator->runAction()
#10 /var/www/yiiroot/framework/web/CController.php(266): ModelGenerator->runActionWithFilters()
#11 /var/www/yiiroot/framework/web/CWebApplication.php(283): ModelGenerator->run()
#12 /var/www/yiiroot/framework/web/CWebApplication.php(142): CWebApplication->runController()
#13 /var/www/yiiroot/framework/base/CApplication.php(162): CWebApplication->processRequest()
#14 /data/dev/todos/php/index.php(13): CWebApplication->run()
REQUEST_URI=/dev/todos/php/index.php?r=gii/model
in /data/dev/todos/php/index.php (13)
2012/12/04 15:41:46 [error] [php] include(extensions/MongoDBSuite/EMongoDB.php): failed to open stream: No such file or directory (/var/www/yiiroot/framework/YiiBase.php:423)
Stack trace:
#0 /var/www/yiiroot/framework/YiiBase.php(198): import()
#1 /var/www/yiiroot/framework/base/CModule.php(387): createComponent()
#2 /var/www/yiiroot/framework/base/CModule.php(104): CWebApplication->getComponent()
#3 /var/www/yiiroot/framework/gii/generators/model/ModelCode.php(57): CWebApplication->__get()
#4 /var/www/yiiroot/framework/web/CFormModel.php(40): ModelCode->init()
#5 /var/www/yiiroot/framework/gii/CCodeGenerator.php(154): ModelCode->__construct()
#6 /var/www/yiiroot/framework/gii/CCodeGenerator.php(64): ModelGenerator->prepare()
#7 /var/www/yiiroot/framework/web/actions/CInlineAction.php(50): ModelGenerator->actionIndex()
#8 /var/www/yiiroot/framework/web/CController.php(309): CInlineAction->runWithParams()
#9 /var/www/yiiroot/framework/web/CController.php(287): ModelGenerator->runAction()
#10 /var/www/yiiroot/framework/web/CController.php(266): ModelGenerator->runActionWithFilters()
#11 /var/www/yiiroot/framework/web/CWebApplication.php(283): ModelGenerator->run()
#12 /var/www/yiiroot/framework/web/CWebApplication.php(142): CWebApplication->runController()
#13 /var/www/yiiroot/framework/base/CApplication.php(162): CWebApplication->processRequest()
#14 /data/dev/todos/php/index.php(13): CWebApplication->run()
REQUEST_URI=/dev/todos/php/index.php?r=gii/model
in /data/dev/todos/php/index.php (13)
2012/12/04 15:42:00 [error] [php] include(/extensions/MongoDBSuite/EMongoDB.php): failed to open stream: No such file or directory (/var/www/yiiroot/framework/YiiBase.php:423)
Stack trace:
#0 /var/www/yiiroot/framework/YiiBase.php(198): import()
#1 /var/www/yiiroot/framework/base/CModule.php(387): createComponent()
#2 /var/www/yiiroot/framework/base/CModule.php(104): CWebApplication->getComponent()
#3 /var/www/yiiroot/framework/gii/generators/model/ModelCode.php(57): CWebApplication->__get()
#4 /var/www/yiiroot/framework/web/CFormModel.php(40): ModelCode->init()
#5 /var/www/yiiroot/framework/gii/CCodeGenerator.php(154): ModelCode->__construct()
#6 /var/www/yiiroot/framework/gii/CCodeGenerator.php(64): ModelGenerator->prepare()
#7 /var/www/yiiroot/framework/web/actions/CInlineAction.php(50): ModelGenerator->actionIndex()
#8 /var/www/yiiroot/framework/web/CController.php(309): CInlineAction->runWithParams()
#9 /var/www/yiiroot/framework/web/CController.php(287): ModelGenerator->runAction()
#10 /var/www/yiiroot/framework/web/CController.php(266): ModelGenerator->runActionWithFilters()
#11 /var/www/yiiroot/framework/web/CWebApplication.php(283): ModelGenerator->run()
#12 /var/www/yiiroot/framework/web/CWebApplication.php(142): CWebApplication->runController()
#13 /var/www/yiiroot/framework/base/CApplication.php(162): CWebApplication->processRequest()
#14 /data/dev/todos/php/index.php(13): CWebApplication->run()
REQUEST_URI=/dev/todos/php/index.php?r=gii/model
in /data/dev/todos/php/index.php (13)
2012/12/04 15:42:50 [error] [php] include(EMongoDB.php): failed to open stream: No such file or directory (/var/www/yiiroot/framework/YiiBase.php:423)
Stack trace:
#0 /var/www/yiiroot/framework/YiiBase.php(198): import()
#1 /var/www/yiiroot/framework/base/CModule.php(387): createComponent()
#2 /var/www/yiiroot/framework/base/CModule.php(104): CWebApplication->getComponent()
#3 /var/www/yiiroot/framework/gii/generators/model/ModelCode.php(57): CWebApplication->__get()
#4 /var/www/yiiroot/framework/web/CFormModel.php(40): ModelCode->init()
#5 /var/www/yiiroot/framework/gii/CCodeGenerator.php(154): ModelCode->__construct()
#6 /var/www/yiiroot/framework/gii/CCodeGenerator.php(64): ModelGenerator->prepare()
#7 /var/www/yiiroot/framework/web/actions/CInlineAction.php(50): ModelGenerator->actionIndex()
#8 /var/www/yiiroot/framework/web/CController.php(309): CInlineAction->runWithParams()
#9 /var/www/yiiroot/framework/web/CController.php(287): ModelGenerator->runAction()
#10 /var/www/yiiroot/framework/web/CController.php(266): ModelGenerator->runActionWithFilters()
#11 /var/www/yiiroot/framework/web/CWebApplication.php(283): ModelGenerator->run()
#12 /var/www/yiiroot/framework/web/CWebApplication.php(142): CWebApplication->runController()
#13 /var/www/yiiroot/framework/base/CApplication.php(162): CWebApplication->processRequest()
#14 /data/dev/todos/php/index.php(13): CWebApplication->run()
REQUEST_URI=/dev/todos/php/index.php?r=gii/model
in /data/dev/todos/php/index.php (13)
2012/12/04 17:19:45 [error] [php] include(EMongoDB.php): failed to open stream: No such file or directory (/var/www/yiiroot/framework/YiiBase.php:423)
Stack trace:
#0 /var/www/yiiroot/framework/YiiBase.php(198): import()
#1 /var/www/yiiroot/framework/base/CModule.php(387): createComponent()
#2 /var/www/yiiroot/framework/base/CModule.php(104): CWebApplication->getComponent()
#3 /var/www/yiiroot/framework/gii/generators/model/ModelCode.php(57): CWebApplication->__get()
#4 /var/www/yiiroot/framework/web/CFormModel.php(40): ModelCode->init()
#5 /var/www/yiiroot/framework/gii/CCodeGenerator.php(154): ModelCode->__construct()
#6 /var/www/yiiroot/framework/gii/CCodeGenerator.php(64): ModelGenerator->prepare()
#7 /var/www/yiiroot/framework/web/actions/CInlineAction.php(50): ModelGenerator->actionIndex()
#8 /var/www/yiiroot/framework/web/CController.php(309): CInlineAction->runWithParams()
#9 /var/www/yiiroot/framework/web/CController.php(287): ModelGenerator->runAction()
#10 /var/www/yiiroot/framework/web/CController.php(266): ModelGenerator->runActionWithFilters()
#11 /var/www/yiiroot/framework/web/CWebApplication.php(283): ModelGenerator->run()
#12 /var/www/yiiroot/framework/web/CWebApplication.php(142): CWebApplication->runController()
#13 /var/www/yiiroot/framework/base/CApplication.php(162): CWebApplication->processRequest()
#14 /data/dev/todos/php/index.php(13): CWebApplication->run()
REQUEST_URI=/dev/todos/php/index.php?r=gii/model
in /data/dev/todos/php/index.php (13)
